The system is: Windows - 10.0.18363 - AMD64
Compiling the C compiler identification source file "CMakeCCompilerId.c" succeeded.
Compiler: C:/Program Files (x86)/Microsoft Visual Studio/2019/Professional/VC/Tools/MSVC/14.27.29110/bin/Hostx86/x86/cl.exe 
Build flags: 
Id flags:  

The output was:
0
Microsoft (R) C/C++ Optimizing Compiler Version 19.27.29111 for x86
Copyright (C) Microsoft Corporation.  All rights reserved.

CMakeCCompilerId.c
Microsoft (R) Incremental Linker Version 14.27.29111.0
Copyright (C) Microsoft Corporation.  All rights reserved.

/out:CMakeCCompilerId.exe 
CMakeCCompilerId.obj 


Compilation of the C compiler identification source "CMakeCCompilerId.c" produced "CMakeCCompilerId.exe"

Compilation of the C compiler identification source "CMakeCCompilerId.c" produced "CMakeCCompilerId.obj"

The C compiler identification is MSVC, found in "C:/Projects/C/JSON-Parser/cmake-build-release-visual-studio/CMakeFiles/3.17.3/CompilerIdC/CMakeCCompilerId.exe"

Determining if the C compiler works passed with the following output:
Change Dir: C:/Projects/C/JSON-Parser/cmake-build-release-visual-studio/CMakeFiles/CMakeTmp

Run Build Command(s):nmake /nologo cmTC_6b277\fast && 	"C:\Program Files (x86)\Microsoft Visual Studio\2019\Professional\VC\Tools\MSVC\14.27.29110\bin\HostX86\x86\nmake.exe"  -f CMakeFiles\cmTC_6b277.dir\build.make /nologo -L                  CMakeFiles\cmTC_6b277.dir\build
Building C object CMakeFiles/cmTC_6b277.dir/testCCompiler.c.obj
	C:\PROGRA~2\MICROS~4\2019\PROFES~1\VC\Tools\MSVC\1427~1.291\bin\Hostx86\x86\cl.exe @C:\Users\USER\AppData\Local\Temp\nm5311.tmp
testCCompiler.c
Linking C executable cmTC_6b277.exe
	"C:\Program Files\JetBrains\CLion 2020.2.3\bin\cmake\win\bin\cmake.exe" -E vs_link_exe --intdir=CMakeFiles\cmTC_6b277.dir --rc=C:\PROGRA~2\WI3CF2~1\10\bin\100190~1.0\x86\rc.exe --mt=C:\PROGRA~2\WI3CF2~1\10\bin\100190~1.0\x86\mt.exe --manifests  -- C:\PROGRA~2\MICROS~4\2019\PROFES~1\VC\Tools\MSVC\1427~1.291\bin\Hostx86\x86\link.exe /nologo @CMakeFiles\cmTC_6b277.dir\objects1.rsp @C:\Users\USER\AppData\Local\Temp\nm539F.tmp



Detecting C compiler ABI info compiled with the following output:
Change Dir: C:/Projects/C/JSON-Parser/cmake-build-release-visual-studio/CMakeFiles/CMakeTmp

Run Build Command(s):nmake /nologo cmTC_73529\fast && 	"C:\Program Files (x86)\Microsoft Visual Studio\2019\Professional\VC\Tools\MSVC\14.27.29110\bin\HostX86\x86\nmake.exe"  -f CMakeFiles\cmTC_73529.dir\build.make /nologo -L                  CMakeFiles\cmTC_73529.dir\build
Building C object CMakeFiles/cmTC_73529.dir/CMakeCCompilerABI.c.obj
	C:\PROGRA~2\MICROS~4\2019\PROFES~1\VC\Tools\MSVC\1427~1.291\bin\Hostx86\x86\cl.exe @C:\Users\USER\AppData\Local\Temp\nm568C.tmp
CMakeCCompilerABI.c
Linking C executable cmTC_73529.exe
	"C:\Program Files\JetBrains\CLion 2020.2.3\bin\cmake\win\bin\cmake.exe" -E vs_link_exe --intdir=CMakeFiles\cmTC_73529.dir --rc=C:\PROGRA~2\WI3CF2~1\10\bin\100190~1.0\x86\rc.exe --mt=C:\PROGRA~2\WI3CF2~1\10\bin\100190~1.0\x86\mt.exe --manifests  -- C:\PROGRA~2\MICROS~4\2019\PROFES~1\VC\Tools\MSVC\1427~1.291\bin\Hostx86\x86\link.exe /nologo @CMakeFiles\cmTC_73529.dir\objects1.rsp @C:\Users\USER\AppData\Local\Temp\nm5728.tmp



